<?xml version="1.0" encoding="UTF-8"?>
<!-- Generated by org.testng.reporters.JUnitXMLReporter -->
<testsuite ignored="0" hostname="users-iMac.lan" failures="0" tests="6" name="Default test" time="5.355" errors="0" timestamp="2024-06-09T00:29:40 CDT">
  <testcase classname="api_tests.Items_management_api" name="login_test" time="1.805"/>
  <testcase classname="api_tests.Items_management_api" name="create_item" time="0.786"/>
  <testcase classname="api_tests.Items_management_api" name="list_all_items" time="1.483"/>
  <testcase classname="api_tests.Items_management_api" name="get_item" time="0.469"/>
  <testcase classname="api_tests.Items_management_api" name="update_item" time="0.546"/>
  <testcase classname="api_tests.Items_management_api" name="delete_item" time="0.205"/>
</testsuite> <!-- Default test -->
