<?xml version="1.0" encoding="UTF-8"?>
<!-- Generated by org.testng.reporters.JUnitXMLReporter -->
<testsuite ignored="6" hostname="users-iMac.lan" failures="0" tests="2" name="Crater Smoke Tests" time="3.264" errors="0" timestamp="2024-06-12T23:08:47 CDT">
  <testcase classname="api_tests.Items_management_api" name="login_test" time="1.73"/>
  <testcase classname="api_tests.Items_management_api" name="list_all_items" time="1.469"/>
  <testcase classname="api_tests.Items_management_api" name="delete_item" time="0.0">
    <ignored/>
  </testcase> <!-- delete_item -->
  <testcase classname="api_tests.TestNGDemo" name="demoTest" time="0.0">
    <ignored/>
  </testcase> <!-- demoTest -->
  <testcase classname="api_tests.Items_management_api" name="get_item" time="0.0">
    <ignored/>
  </testcase> <!-- get_item -->
  <testcase classname="api_tests.Items_management_api" name="create_item" time="0.0">
    <ignored/>
  </testcase> <!-- create_item -->
  <testcase classname="api_tests.TestNGDemo" name="anotherTest" time="0.0">
    <ignored/>
  </testcase> <!-- anotherTest -->
  <testcase classname="api_tests.Items_management_api" name="update_item" time="0.0">
    <ignored/>
  </testcase> <!-- update_item -->
</testsuite> <!-- Crater Smoke Tests -->
