<?xml version="1.0" encoding="UTF-8"?>
<testng-results ignored="0" total="6" passed="6" failed="0" skipped="0">
  <reporter-output>
  </reporter-output>
  <suite started-at="2024-06-09T00:29:34 CDT" name="Default suite" finished-at="2024-06-09T00:29:40 CDT" duration-ms="5355">
    <groups>
    </groups>
    <test started-at="2024-06-09T00:29:34 CDT" name="Default test" finished-at="2024-06-09T00:29:40 CDT" duration-ms="5355">
      <class name="api_tests.Items_management_api">
        <test-method signature="login_test()[pri:0, instance:api_tests.Items_management_api@a514af7]" started-at="2024-06-09T00:29:34 CDT" name="login_test" finished-at="2024-06-09T00:29:36 CDT" duration-ms="1805" status="PASS">
          <reporter-output>
          </reporter-output>
        </test-method> <!-- login_test -->
        <test-method signature="create_item()[pri:0, instance:api_tests.Items_management_api@a514af7]" started-at="2024-06-09T00:29:36 CDT" name="create_item" finished-at="2024-06-09T00:29:37 CDT" depends-on-methods="api_tests.Items_management_api.login_test" duration-ms="786" status="PASS">
          <reporter-output>
          </reporter-output>
        </test-method> <!-- create_item -->
        <test-method signature="list_all_items()[pri:0, instance:api_tests.Items_management_api@a514af7]" started-at="2024-06-09T00:29:37 CDT" name="list_all_items" finished-at="2024-06-09T00:29:38 CDT" depends-on-methods="api_tests.Items_management_api.login_test" duration-ms="1483" status="PASS">
          <reporter-output>
          </reporter-output>
        </test-method> <!-- list_all_items -->
        <test-method signature="get_item()[pri:0, instance:api_tests.Items_management_api@a514af7]" started-at="2024-06-09T00:29:38 CDT" name="get_item" finished-at="2024-06-09T00:29:39 CDT" depends-on-methods="api_tests.Items_management_api.create_item" duration-ms="469" status="PASS">
          <reporter-output>
          </reporter-output>
        </test-method> <!-- get_item -->
        <test-method signature="update_item()[pri:0, instance:api_tests.Items_management_api@a514af7]" started-at="2024-06-09T00:29:39 CDT" name="update_item" finished-at="2024-06-09T00:29:39 CDT" depends-on-methods="api_tests.Items_management_api.create_item" duration-ms="546" status="PASS">
          <reporter-output>
          </reporter-output>
        </test-method> <!-- update_item -->
        <test-method signature="delete_item()[pri:0, instance:api_tests.Items_management_api@a514af7]" started-at="2024-06-09T00:29:39 CDT" name="delete_item" finished-at="2024-06-09T00:29:40 CDT" depends-on-methods="api_tests.Items_management_api.get_item" duration-ms="205" status="PASS">
          <reporter-output>
          </reporter-output>
        </test-method> <!-- delete_item -->
      </class> <!-- api_tests.Items_management_api -->
    </test> <!-- Default test -->
  </suite> <!-- Default suite -->
</testng-results>
