<?xml version="1.0" encoding="UTF-8"?>
<!-- Generated by org.testng.reporters.JUnitXMLReporter -->
<testsuite ignored="3" hostname="users-iMac.lan" failures="0" tests="3" name="Default test" time="3.26" errors="0" timestamp="2024-06-12T22:24:12 CDT">
  <testcase classname="api_tests.Items_management_api" name="login_test" time="1.722"/>
  <testcase classname="api_tests.Items_management_api" name="create_item" time="0.839"/>
  <testcase classname="api_tests.Items_management_api" name="update_item" time="0.649"/>
  <testcase classname="api_tests.Items_management_api" name="get_item" time="0.0">
    <ignored/>
  </testcase> <!-- get_item -->
  <testcase classname="api_tests.Items_management_api" name="list_all_items" time="0.0">
    <ignored/>
  </testcase> <!-- list_all_items -->
  <testcase classname="api_tests.Items_management_api" name="delete_item" time="0.0">
    <ignored/>
  </testcase> <!-- delete_item -->
</testsuite> <!-- Default test -->
